-------------------------------------------------------------------------------
Test set: com.iluiszin.todolist.todolist.TodolistApplicationTests
-------------------------------------------------------------------------------
Tests run: 1, Failures: 0, Errors: 1, Skipped: 0, Time elapsed: 0.488 s <<< FAILURE! - in com.iluiszin.todolist.todolist.TodolistApplicationTests
com.iluiszin.todolist.todolist.TodolistApplicationTests  Time elapsed: 0.486 s  <<< ERROR!
java.lang.IllegalStateException: Unable to find a @SpringBootConfiguration, you need to use @ContextConfiguration or @SpringBootTest(classes=...) with your test

